{"D:\\ReactTypeScript_App\\src\\services\\api.ts": {"path":"D:\\ReactTypeScript_App\\src\\services\\api.ts","statementMap":{"0":{"start":{"line":1,"column":0},"end":{"line":1,"column":26}},"1":{"start":{"line":3,"column":18},"end":{"line":8,"column":2}},"2":{"start":{"line":10,"column":0},"end":{"line":10,"column":25}}},"fnMap":{},"branchMap":{},"s":{"0":2,"1":2,"2":2},"f":{},"b":{}}
,"D:\\ReactTypeScript_App\\src\\services\\authService.ts": {"path":"D:\\ReactTypeScript_App\\src\\services\\authService.ts","statementMap":{"0":{"start":{"line":1,"column":0},"end":{"line":1,"column":30}},"1":{"start":{"line":12,"column":21},"end":{"line":15,"column":1}},"2":{"start":{"line":13,"column":19},"end":{"line":13,"column":70}},"3":{"start":{"line":14,"column":2},"end":{"line":14,"column":23}},"4":{"start":{"line":12,"column":13},"end":{"line":12,"column":21}},"5":{"start":{"line":27,"column":24},"end":{"line":30,"column":1}},"6":{"start":{"line":28,"column":19},"end":{"line":28,"column":76}},"7":{"start":{"line":29,"column":2},"end":{"line":29,"column":23}},"8":{"start":{"line":27,"column":13},"end":{"line":27,"column":24}}},"fnMap":{"0":{"name":"(anonymous_0)","decl":{"start":{"line":12,"column":21},"end":{"line":12,"column":26}},"loc":{"start":{"line":12,"column":71},"end":{"line":15,"column":1}}},"1":{"name":"(anonymous_1)","decl":{"start":{"line":27,"column":24},"end":{"line":27,"column":29}},"loc":{"start":{"line":27,"column":80},"end":{"line":30,"column":1}}}},"branchMap":{},"s":{"0":1,"1":1,"2":2,"3":1,"4":1,"5":1,"6":2,"7":1,"8":1},"f":{"0":2,"1":2},"b":{}}
,"D:\\ReactTypeScript_App\\src\\services\\userService.ts": {"path":"D:\\ReactTypeScript_App\\src\\services\\userService.ts","statementMap":{"0":{"start":{"line":1,"column":0},"end":{"line":1,"column":30}},"1":{"start":{"line":15,"column":23},"end":{"line":18,"column":1}},"2":{"start":{"line":16,"column":19},"end":{"line":16,"column":68}},"3":{"start":{"line":17,"column":2},"end":{"line":17,"column":28}},"4":{"start":{"line":15,"column":13},"end":{"line":15,"column":23}},"5":{"start":{"line":24,"column":24},"end":{"line":29,"column":1}},"6":{"start":{"line":25,"column":19},"end":{"line":27,"column":4}},"7":{"start":{"line":28,"column":2},"end":{"line":28,"column":28}},"8":{"start":{"line":24,"column":13},"end":{"line":24,"column":24}}},"fnMap":{"0":{"name":"(anonymous_0)","decl":{"start":{"line":15,"column":23},"end":{"line":15,"column":28}},"loc":{"start":{"line":15,"column":59},"end":{"line":18,"column":1}}},"1":{"name":"(anonymous_1)","decl":{"start":{"line":24,"column":24},"end":{"line":24,"column":29}},"loc":{"start":{"line":24,"column":68},"end":{"line":29,"column":1}}}},"branchMap":{"0":{"loc":{"start":{"line":24,"column":31},"end":{"line":24,"column":47}},"type":"default-arg","locations":[{"start":{"line":24,"column":46},"end":{"line":24,"column":47}}]}},"s":{"0":1,"1":1,"2":2,"3":1,"4":1,"5":1,"6":3,"7":2,"8":1},"f":{"0":2,"1":3},"b":{"0":[2]}}
}
