TN:
SF:src\services\api.ts
FNF:0
FNH:0
DA:1,2
DA:3,2
DA:10,2
LF:3
LH:3
BRF:0
BRH:0
end_of_record
TN:
SF:src\services\authService.ts
FN:12,(anonymous_0)
FN:27,(anonymous_1)
FNF:2
FNH:2
FNDA:2,(anonymous_0)
FNDA:2,(anonymous_1)
DA:1,1
DA:12,1
DA:13,2
DA:14,1
DA:27,1
DA:28,2
DA:29,1
LF:7
LH:7
BRF:0
BRH:0
end_of_record
TN:
SF:src\services\userService.ts
FN:15,(anonymous_0)
FN:24,(anonymous_1)
FNF:2
FNH:2
FNDA:2,(anonymous_0)
FNDA:3,(anonymous_1)
DA:1,1
DA:15,1
DA:16,2
DA:17,1
DA:24,1
DA:25,3
DA:28,2
LF:7
LH:7
BRDA:24,0,0,2
BRF:1
BRH:1
end_of_record
